find_executable: checking for pg_config... -------------------- yes

--------------------

find_header: checking for libpq-fe.h... -------------------- yes

"clang -o conftest -I/Users/Fenchel/.rvm/rubies/ruby-1.9.3-p125/include/ruby-1.9.1/x86_64-darwin11.4.0 -I/Users/Fenchel/.rvm/rubies/ruby-1.9.3-p125/include/ruby-1.9.1/ruby/backward -I/Users/Fenchel/.rvm/rubies/ruby-1.9.3-p125/include/ruby-1.9.1 -I. -I/Users/Fenchel/.rvm/usr/include -D_XOPEN_SOURCE -D_DARWIN_C_SOURCE   -I/usr/local/pgsql/include  -O3 -ggdb -Wextra -Wno-unused-parameter -Wno-parentheses -Wno-long-long -Wno-missing-field-initializers -Wpointer-arith -Wwrite-strings -Wdeclaration-after-statement -Wshorten-64-to-32 -Wimplicit-function-declaration  -fno-common -pipe conftest.c  -L. -L/Users/Fenchel/.rvm/rubies/ruby-1.9.3-p125/lib -L/Users/Fenchel/.rvm/usr/lib -L.  -L/usr/local/pgsql/lib     -lruby.1.9.1  -lpthread -ldl -lobjc "
clang: warning: argument unused during compilation: '-ggdb'
checked program was:
/* begin */
1: #include "ruby.h"
2: 
3: int main() {return 0;}
/* end */

"clang -E -I/Users/Fenchel/.rvm/rubies/ruby-1.9.3-p125/include/ruby-1.9.1/x86_64-darwin11.4.0 -I/Users/Fenchel/.rvm/rubies/ruby-1.9.3-p125/include/ruby-1.9.1/ruby/backward -I/Users/Fenchel/.rvm/rubies/ruby-1.9.3-p125/include/ruby-1.9.1 -I. -I/Users/Fenchel/.rvm/usr/include -D_XOPEN_SOURCE -D_DARWIN_C_SOURCE   -I/usr/local/pgsql/include  -O3 -ggdb -Wextra -Wno-unused-parameter -Wno-parentheses -Wno-long-long -Wno-missing-field-initializers -Wpointer-arith -Wwrite-strings -Wdeclaration-after-statement -Wshorten-64-to-32 -Wimplicit-function-declaration  -fno-common -pipe  conftest.c -o conftest.i"
clang: warning: argument unused during compilation: '-ggdb'
checked program was:
/* begin */
1: #include "ruby.h"
2: 
3: #include <libpq-fe.h>
/* end */

--------------------

find_header: checking for libpq/libpq-fs.h... -------------------- yes

"clang -E -I/Users/Fenchel/.rvm/rubies/ruby-1.9.3-p125/include/ruby-1.9.1/x86_64-darwin11.4.0 -I/Users/Fenchel/.rvm/rubies/ruby-1.9.3-p125/include/ruby-1.9.1/ruby/backward -I/Users/Fenchel/.rvm/rubies/ruby-1.9.3-p125/include/ruby-1.9.1 -I. -I/Users/Fenchel/.rvm/usr/include -D_XOPEN_SOURCE -D_DARWIN_C_SOURCE   -I/usr/local/pgsql/include  -O3 -ggdb -Wextra -Wno-unused-parameter -Wno-parentheses -Wno-long-long -Wno-missing-field-initializers -Wpointer-arith -Wwrite-strings -Wdeclaration-after-statement -Wshorten-64-to-32 -Wimplicit-function-declaration  -fno-common -pipe  conftest.c -o conftest.i"
clang: warning: argument unused during compilation: '-ggdb'
checked program was:
/* begin */
1: #include "ruby.h"
2: 
3: #include <libpq/libpq-fs.h>
/* end */

--------------------

find_header: checking for pg_config_manual.h... -------------------- yes

"clang -E -I/Users/Fenchel/.rvm/rubies/ruby-1.9.3-p125/include/ruby-1.9.1/x86_64-darwin11.4.0 -I/Users/Fenchel/.rvm/rubies/ruby-1.9.3-p125/include/ruby-1.9.1/ruby/backward -I/Users/Fenchel/.rvm/rubies/ruby-1.9.3-p125/include/ruby-1.9.1 -I. -I/Users/Fenchel/.rvm/usr/include -D_XOPEN_SOURCE -D_DARWIN_C_SOURCE   -I/usr/local/pgsql/include  -O3 -ggdb -Wextra -Wno-unused-parameter -Wno-parentheses -Wno-long-long -Wno-missing-field-initializers -Wpointer-arith -Wwrite-strings -Wdeclaration-after-statement -Wshorten-64-to-32 -Wimplicit-function-declaration  -fno-common -pipe  conftest.c -o conftest.i"
clang: warning: argument unused during compilation: '-ggdb'
checked program was:
/* begin */
1: #include "ruby.h"
2: 
3: #include <pg_config_manual.h>
/* end */

--------------------

have_library: checking for PQconnectdb() in -lpq... -------------------- yes

"clang -o conftest -I/Users/Fenchel/.rvm/rubies/ruby-1.9.3-p125/include/ruby-1.9.1/x86_64-darwin11.4.0 -I/Users/Fenchel/.rvm/rubies/ruby-1.9.3-p125/include/ruby-1.9.1/ruby/backward -I/Users/Fenchel/.rvm/rubies/ruby-1.9.3-p125/include/ruby-1.9.1 -I. -I/Users/Fenchel/.rvm/usr/include -D_XOPEN_SOURCE -D_DARWIN_C_SOURCE   -I/usr/local/pgsql/include  -O3 -ggdb -Wextra -Wno-unused-parameter -Wno-parentheses -Wno-long-long -Wno-missing-field-initializers -Wpointer-arith -Wwrite-strings -Wdeclaration-after-statement -Wshorten-64-to-32 -Wimplicit-function-declaration  -fno-common -pipe conftest.c  -L. -L/Users/Fenchel/.rvm/rubies/ruby-1.9.3-p125/lib -L/Users/Fenchel/.rvm/usr/lib -L.  -L/usr/local/pgsql/lib     -lruby.1.9.1 -lpq  -lpthread -ldl -lobjc "
clang: warning: argument unused during compilation: '-ggdb'
checked program was:
/* begin */
1: #include "ruby.h"
2: 
3: #include <libpq-fe.h>
4: 
5: /*top*/
6: int main() {return 0;}
7: int t() { void ((*volatile p)()); p = (void ((*)()))PQconnectdb; return 0; }
/* end */

--------------------

have_func: checking for PQconnectionUsedPassword()... -------------------- yes

"clang -o conftest -I/Users/Fenchel/.rvm/rubies/ruby-1.9.3-p125/include/ruby-1.9.1/x86_64-darwin11.4.0 -I/Users/Fenchel/.rvm/rubies/ruby-1.9.3-p125/include/ruby-1.9.1/ruby/backward -I/Users/Fenchel/.rvm/rubies/ruby-1.9.3-p125/include/ruby-1.9.1 -I. -I/Users/Fenchel/.rvm/usr/include -D_XOPEN_SOURCE -D_DARWIN_C_SOURCE   -I/usr/local/pgsql/include  -O3 -ggdb -Wextra -Wno-unused-parameter -Wno-parentheses -Wno-long-long -Wno-missing-field-initializers -Wpointer-arith -Wwrite-strings -Wdeclaration-after-statement -Wshorten-64-to-32 -Wimplicit-function-declaration  -fno-common -pipe conftest.c  -L. -L/Users/Fenchel/.rvm/rubies/ruby-1.9.3-p125/lib -L/Users/Fenchel/.rvm/usr/lib -L.  -L/usr/local/pgsql/lib    -lpq  -lruby.1.9.1 -lpq  -lpthread -ldl -lobjc "
clang: warning: argument unused during compilation: '-ggdb'
conftest.c:5:53: error: use of undeclared identifier 'PQconnectionUsedPassword'
int t() { void ((*volatile p)()); p = (void ((*)()))PQconnectionUsedPassword; return 0; }
                                                    ^
1 error generated.
checked program was:
/* begin */
1: #include "ruby.h"
2: 
3: /*top*/
4: int main() {return 0;}
5: int t() { void ((*volatile p)()); p = (void ((*)()))PQconnectionUsedPassword; return 0; }
/* end */

"clang -o conftest -I/Users/Fenchel/.rvm/rubies/ruby-1.9.3-p125/include/ruby-1.9.1/x86_64-darwin11.4.0 -I/Users/Fenchel/.rvm/rubies/ruby-1.9.3-p125/include/ruby-1.9.1/ruby/backward -I/Users/Fenchel/.rvm/rubies/ruby-1.9.3-p125/include/ruby-1.9.1 -I. -I/Users/Fenchel/.rvm/usr/include -D_XOPEN_SOURCE -D_DARWIN_C_SOURCE   -I/usr/local/pgsql/include  -O3 -ggdb -Wextra -Wno-unused-parameter -Wno-parentheses -Wno-long-long -Wno-missing-field-initializers -Wpointer-arith -Wwrite-strings -Wdeclaration-after-statement -Wshorten-64-to-32 -Wimplicit-function-declaration  -fno-common -pipe conftest.c  -L. -L/Users/Fenchel/.rvm/rubies/ruby-1.9.3-p125/lib -L/Users/Fenchel/.rvm/usr/lib -L.  -L/usr/local/pgsql/lib    -lpq  -lruby.1.9.1 -lpq  -lpthread -ldl -lobjc "
clang: warning: argument unused during compilation: '-ggdb'
conftest.c:5:11: warning: implicit declaration of function 'PQconnectionUsedPassword' is invalid in C99 [-Wimplicit-function-declaration]
int t() { PQconnectionUsedPassword(); return 0; }
          ^
1 warning generated.
checked program was:
/* begin */
1: #include "ruby.h"
2: 
3: /*top*/
4: int main() {return 0;}
5: int t() { PQconnectionUsedPassword(); return 0; }
/* end */

--------------------

have_func: checking for PQisthreadsafe()... -------------------- yes

"clang -o conftest -I/Users/Fenchel/.rvm/rubies/ruby-1.9.3-p125/include/ruby-1.9.1/x86_64-darwin11.4.0 -I/Users/Fenchel/.rvm/rubies/ruby-1.9.3-p125/include/ruby-1.9.1/ruby/backward -I/Users/Fenchel/.rvm/rubies/ruby-1.9.3-p125/include/ruby-1.9.1 -I. -I/Users/Fenchel/.rvm/usr/include -D_XOPEN_SOURCE -D_DARWIN_C_SOURCE   -I/usr/local/pgsql/include  -O3 -ggdb -Wextra -Wno-unused-parameter -Wno-parentheses -Wno-long-long -Wno-missing-field-initializers -Wpointer-arith -Wwrite-strings -Wdeclaration-after-statement -Wshorten-64-to-32 -Wimplicit-function-declaration  -fno-common -pipe conftest.c  -L. -L/Users/Fenchel/.rvm/rubies/ruby-1.9.3-p125/lib -L/Users/Fenchel/.rvm/usr/lib -L.  -L/usr/local/pgsql/lib    -lpq  -lruby.1.9.1 -lpq  -lpthread -ldl -lobjc "
clang: warning: argument unused during compilation: '-ggdb'
conftest.c:5:53: error: use of undeclared identifier 'PQisthreadsafe'
int t() { void ((*volatile p)()); p = (void ((*)()))PQisthreadsafe; return 0; }
                                                    ^
1 error generated.
checked program was:
/* begin */
1: #include "ruby.h"
2: 
3: /*top*/
4: int main() {return 0;}
5: int t() { void ((*volatile p)()); p = (void ((*)()))PQisthreadsafe; return 0; }
/* end */

"clang -o conftest -I/Users/Fenchel/.rvm/rubies/ruby-1.9.3-p125/include/ruby-1.9.1/x86_64-darwin11.4.0 -I/Users/Fenchel/.rvm/rubies/ruby-1.9.3-p125/include/ruby-1.9.1/ruby/backward -I/Users/Fenchel/.rvm/rubies/ruby-1.9.3-p125/include/ruby-1.9.1 -I. -I/Users/Fenchel/.rvm/usr/include -D_XOPEN_SOURCE -D_DARWIN_C_SOURCE   -I/usr/local/pgsql/include  -O3 -ggdb -Wextra -Wno-unused-parameter -Wno-parentheses -Wno-long-long -Wno-missing-field-initializers -Wpointer-arith -Wwrite-strings -Wdeclaration-after-statement -Wshorten-64-to-32 -Wimplicit-function-declaration  -fno-common -pipe conftest.c  -L. -L/Users/Fenchel/.rvm/rubies/ruby-1.9.3-p125/lib -L/Users/Fenchel/.rvm/usr/lib -L.  -L/usr/local/pgsql/lib    -lpq  -lruby.1.9.1 -lpq  -lpthread -ldl -lobjc "
clang: warning: argument unused during compilation: '-ggdb'
conftest.c:5:11: warning: implicit declaration of function 'PQisthreadsafe' is invalid in C99 [-Wimplicit-function-declaration]
int t() { PQisthreadsafe(); return 0; }
          ^
1 warning generated.
checked program was:
/* begin */
1: #include "ruby.h"
2: 
3: /*top*/
4: int main() {return 0;}
5: int t() { PQisthreadsafe(); return 0; }
/* end */

--------------------

have_func: checking for PQprepare()... -------------------- yes

"clang -o conftest -I/Users/Fenchel/.rvm/rubies/ruby-1.9.3-p125/include/ruby-1.9.1/x86_64-darwin11.4.0 -I/Users/Fenchel/.rvm/rubies/ruby-1.9.3-p125/include/ruby-1.9.1/ruby/backward -I/Users/Fenchel/.rvm/rubies/ruby-1.9.3-p125/include/ruby-1.9.1 -I. -I/Users/Fenchel/.rvm/usr/include -D_XOPEN_SOURCE -D_DARWIN_C_SOURCE   -I/usr/local/pgsql/include  -O3 -ggdb -Wextra -Wno-unused-parameter -Wno-parentheses -Wno-long-long -Wno-missing-field-initializers -Wpointer-arith -Wwrite-strings -Wdeclaration-after-statement -Wshorten-64-to-32 -Wimplicit-function-declaration  -fno-common -pipe conftest.c  -L. -L/Users/Fenchel/.rvm/rubies/ruby-1.9.3-p125/lib -L/Users/Fenchel/.rvm/usr/lib -L.  -L/usr/local/pgsql/lib    -lpq  -lruby.1.9.1 -lpq  -lpthread -ldl -lobjc "
clang: warning: argument unused during compilation: '-ggdb'
conftest.c:5:53: error: use of undeclared identifier 'PQprepare'
int t() { void ((*volatile p)()); p = (void ((*)()))PQprepare; return 0; }
                                                    ^
1 error generated.
checked program was:
/* begin */
1: #include "ruby.h"
2: 
3: /*top*/
4: int main() {return 0;}
5: int t() { void ((*volatile p)()); p = (void ((*)()))PQprepare; return 0; }
/* end */

"clang -o conftest -I/Users/Fenchel/.rvm/rubies/ruby-1.9.3-p125/include/ruby-1.9.1/x86_64-darwin11.4.0 -I/Users/Fenchel/.rvm/rubies/ruby-1.9.3-p125/include/ruby-1.9.1/ruby/backward -I/Users/Fenchel/.rvm/rubies/ruby-1.9.3-p125/include/ruby-1.9.1 -I. -I/Users/Fenchel/.rvm/usr/include -D_XOPEN_SOURCE -D_DARWIN_C_SOURCE   -I/usr/local/pgsql/include  -O3 -ggdb -Wextra -Wno-unused-parameter -Wno-parentheses -Wno-long-long -Wno-missing-field-initializers -Wpointer-arith -Wwrite-strings -Wdeclaration-after-statement -Wshorten-64-to-32 -Wimplicit-function-declaration  -fno-common -pipe conftest.c  -L. -L/Users/Fenchel/.rvm/rubies/ruby-1.9.3-p125/lib -L/Users/Fenchel/.rvm/usr/lib -L.  -L/usr/local/pgsql/lib    -lpq  -lruby.1.9.1 -lpq  -lpthread -ldl -lobjc "
clang: warning: argument unused during compilation: '-ggdb'
conftest.c:5:11: warning: implicit declaration of function 'PQprepare' is invalid in C99 [-Wimplicit-function-declaration]
int t() { PQprepare(); return 0; }
          ^
1 warning generated.
checked program was:
/* begin */
1: #include "ruby.h"
2: 
3: /*top*/
4: int main() {return 0;}
5: int t() { PQprepare(); return 0; }
/* end */

--------------------

have_func: checking for PQexecParams()... -------------------- yes

"clang -o conftest -I/Users/Fenchel/.rvm/rubies/ruby-1.9.3-p125/include/ruby-1.9.1/x86_64-darwin11.4.0 -I/Users/Fenchel/.rvm/rubies/ruby-1.9.3-p125/include/ruby-1.9.1/ruby/backward -I/Users/Fenchel/.rvm/rubies/ruby-1.9.3-p125/include/ruby-1.9.1 -I. -I/Users/Fenchel/.rvm/usr/include -D_XOPEN_SOURCE -D_DARWIN_C_SOURCE   -I/usr/local/pgsql/include  -O3 -ggdb -Wextra -Wno-unused-parameter -Wno-parentheses -Wno-long-long -Wno-missing-field-initializers -Wpointer-arith -Wwrite-strings -Wdeclaration-after-statement -Wshorten-64-to-32 -Wimplicit-function-declaration  -fno-common -pipe conftest.c  -L. -L/Users/Fenchel/.rvm/rubies/ruby-1.9.3-p125/lib -L/Users/Fenchel/.rvm/usr/lib -L.  -L/usr/local/pgsql/lib    -lpq  -lruby.1.9.1 -lpq  -lpthread -ldl -lobjc "
clang: warning: argument unused during compilation: '-ggdb'
conftest.c:5:53: error: use of undeclared identifier 'PQexecParams'
int t() { void ((*volatile p)()); p = (void ((*)()))PQexecParams; return 0; }
                                                    ^
1 error generated.
checked program was:
/* begin */
1: #include "ruby.h"
2: 
3: /*top*/
4: int main() {return 0;}
5: int t() { void ((*volatile p)()); p = (void ((*)()))PQexecParams; return 0; }
/* end */

"clang -o conftest -I/Users/Fenchel/.rvm/rubies/ruby-1.9.3-p125/include/ruby-1.9.1/x86_64-darwin11.4.0 -I/Users/Fenchel/.rvm/rubies/ruby-1.9.3-p125/include/ruby-1.9.1/ruby/backward -I/Users/Fenchel/.rvm/rubies/ruby-1.9.3-p125/include/ruby-1.9.1 -I. -I/Users/Fenchel/.rvm/usr/include -D_XOPEN_SOURCE -D_DARWIN_C_SOURCE   -I/usr/local/pgsql/include  -O3 -ggdb -Wextra -Wno-unused-parameter -Wno-parentheses -Wno-long-long -Wno-missing-field-initializers -Wpointer-arith -Wwrite-strings -Wdeclaration-after-statement -Wshorten-64-to-32 -Wimplicit-function-declaration  -fno-common -pipe conftest.c  -L. -L/Users/Fenchel/.rvm/rubies/ruby-1.9.3-p125/lib -L/Users/Fenchel/.rvm/usr/lib -L.  -L/usr/local/pgsql/lib    -lpq  -lruby.1.9.1 -lpq  -lpthread -ldl -lobjc "
clang: warning: argument unused during compilation: '-ggdb'
conftest.c:5:11: warning: implicit declaration of function 'PQexecParams' is invalid in C99 [-Wimplicit-function-declaration]
int t() { PQexecParams(); return 0; }
          ^
1 warning generated.
checked program was:
/* begin */
1: #include "ruby.h"
2: 
3: /*top*/
4: int main() {return 0;}
5: int t() { PQexecParams(); return 0; }
/* end */

--------------------

have_func: checking for PQescapeString()... -------------------- yes

"clang -o conftest -I/Users/Fenchel/.rvm/rubies/ruby-1.9.3-p125/include/ruby-1.9.1/x86_64-darwin11.4.0 -I/Users/Fenchel/.rvm/rubies/ruby-1.9.3-p125/include/ruby-1.9.1/ruby/backward -I/Users/Fenchel/.rvm/rubies/ruby-1.9.3-p125/include/ruby-1.9.1 -I. -I/Users/Fenchel/.rvm/usr/include -D_XOPEN_SOURCE -D_DARWIN_C_SOURCE   -I/usr/local/pgsql/include  -O3 -ggdb -Wextra -Wno-unused-parameter -Wno-parentheses -Wno-long-long -Wno-missing-field-initializers -Wpointer-arith -Wwrite-strings -Wdeclaration-after-statement -Wshorten-64-to-32 -Wimplicit-function-declaration  -fno-common -pipe conftest.c  -L. -L/Users/Fenchel/.rvm/rubies/ruby-1.9.3-p125/lib -L/Users/Fenchel/.rvm/usr/lib -L.  -L/usr/local/pgsql/lib    -lpq  -lruby.1.9.1 -lpq  -lpthread -ldl -lobjc "
clang: warning: argument unused during compilation: '-ggdb'
conftest.c:5:53: error: use of undeclared identifier 'PQescapeString'
int t() { void ((*volatile p)()); p = (void ((*)()))PQescapeString; return 0; }
                                                    ^
1 error generated.
checked program was:
/* begin */
1: #include "ruby.h"
2: 
3: /*top*/
4: int main() {return 0;}
5: int t() { void ((*volatile p)()); p = (void ((*)()))PQescapeString; return 0; }
/* end */

"clang -o conftest -I/Users/Fenchel/.rvm/rubies/ruby-1.9.3-p125/include/ruby-1.9.1/x86_64-darwin11.4.0 -I/Users/Fenchel/.rvm/rubies/ruby-1.9.3-p125/include/ruby-1.9.1/ruby/backward -I/Users/Fenchel/.rvm/rubies/ruby-1.9.3-p125/include/ruby-1.9.1 -I. -I/Users/Fenchel/.rvm/usr/include -D_XOPEN_SOURCE -D_DARWIN_C_SOURCE   -I/usr/local/pgsql/include  -O3 -ggdb -Wextra -Wno-unused-parameter -Wno-parentheses -Wno-long-long -Wno-missing-field-initializers -Wpointer-arith -Wwrite-strings -Wdeclaration-after-statement -Wshorten-64-to-32 -Wimplicit-function-declaration  -fno-common -pipe conftest.c  -L. -L/Users/Fenchel/.rvm/rubies/ruby-1.9.3-p125/lib -L/Users/Fenchel/.rvm/usr/lib -L.  -L/usr/local/pgsql/lib    -lpq  -lruby.1.9.1 -lpq  -lpthread -ldl -lobjc "
clang: warning: argument unused during compilation: '-ggdb'
conftest.c:5:11: warning: implicit declaration of function 'PQescapeString' is invalid in C99 [-Wimplicit-function-declaration]
int t() { PQescapeString(); return 0; }
          ^
1 warning generated.
checked program was:
/* begin */
1: #include "ruby.h"
2: 
3: /*top*/
4: int main() {return 0;}
5: int t() { PQescapeString(); return 0; }
/* end */

--------------------

have_func: checking for PQescapeStringConn()... -------------------- yes

"clang -o conftest -I/Users/Fenchel/.rvm/rubies/ruby-1.9.3-p125/include/ruby-1.9.1/x86_64-darwin11.4.0 -I/Users/Fenchel/.rvm/rubies/ruby-1.9.3-p125/include/ruby-1.9.1/ruby/backward -I/Users/Fenchel/.rvm/rubies/ruby-1.9.3-p125/include/ruby-1.9.1 -I. -I/Users/Fenchel/.rvm/usr/include -D_XOPEN_SOURCE -D_DARWIN_C_SOURCE   -I/usr/local/pgsql/include  -O3 -ggdb -Wextra -Wno-unused-parameter -Wno-parentheses -Wno-long-long -Wno-missing-field-initializers -Wpointer-arith -Wwrite-strings -Wdeclaration-after-statement -Wshorten-64-to-32 -Wimplicit-function-declaration  -fno-common -pipe conftest.c  -L. -L/Users/Fenchel/.rvm/rubies/ruby-1.9.3-p125/lib -L/Users/Fenchel/.rvm/usr/lib -L.  -L/usr/local/pgsql/lib    -lpq  -lruby.1.9.1 -lpq  -lpthread -ldl -lobjc "
clang: warning: argument unused during compilation: '-ggdb'
conftest.c:5:53: error: use of undeclared identifier 'PQescapeStringConn'
int t() { void ((*volatile p)()); p = (void ((*)()))PQescapeStringConn; return 0; }
                                                    ^
1 error generated.
checked program was:
/* begin */
1: #include "ruby.h"
2: 
3: /*top*/
4: int main() {return 0;}
5: int t() { void ((*volatile p)()); p = (void ((*)()))PQescapeStringConn; return 0; }
/* end */

"clang -o conftest -I/Users/Fenchel/.rvm/rubies/ruby-1.9.3-p125/include/ruby-1.9.1/x86_64-darwin11.4.0 -I/Users/Fenchel/.rvm/rubies/ruby-1.9.3-p125/include/ruby-1.9.1/ruby/backward -I/Users/Fenchel/.rvm/rubies/ruby-1.9.3-p125/include/ruby-1.9.1 -I. -I/Users/Fenchel/.rvm/usr/include -D_XOPEN_SOURCE -D_DARWIN_C_SOURCE   -I/usr/local/pgsql/include  -O3 -ggdb -Wextra -Wno-unused-parameter -Wno-parentheses -Wno-long-long -Wno-missing-field-initializers -Wpointer-arith -Wwrite-strings -Wdeclaration-after-statement -Wshorten-64-to-32 -Wimplicit-function-declaration  -fno-common -pipe conftest.c  -L. -L/Users/Fenchel/.rvm/rubies/ruby-1.9.3-p125/lib -L/Users/Fenchel/.rvm/usr/lib -L.  -L/usr/local/pgsql/lib    -lpq  -lruby.1.9.1 -lpq  -lpthread -ldl -lobjc "
clang: warning: argument unused during compilation: '-ggdb'
conftest.c:5:11: warning: implicit declaration of function 'PQescapeStringConn' is invalid in C99 [-Wimplicit-function-declaration]
int t() { PQescapeStringConn(); return 0; }
          ^
1 warning generated.
checked program was:
/* begin */
1: #include "ruby.h"
2: 
3: /*top*/
4: int main() {return 0;}
5: int t() { PQescapeStringConn(); return 0; }
/* end */

--------------------

have_func: checking for PQescapeLiteral()... -------------------- yes

"clang -o conftest -I/Users/Fenchel/.rvm/rubies/ruby-1.9.3-p125/include/ruby-1.9.1/x86_64-darwin11.4.0 -I/Users/Fenchel/.rvm/rubies/ruby-1.9.3-p125/include/ruby-1.9.1/ruby/backward -I/Users/Fenchel/.rvm/rubies/ruby-1.9.3-p125/include/ruby-1.9.1 -I. -I/Users/Fenchel/.rvm/usr/include -D_XOPEN_SOURCE -D_DARWIN_C_SOURCE   -I/usr/local/pgsql/include  -O3 -ggdb -Wextra -Wno-unused-parameter -Wno-parentheses -Wno-long-long -Wno-missing-field-initializers -Wpointer-arith -Wwrite-strings -Wdeclaration-after-statement -Wshorten-64-to-32 -Wimplicit-function-declaration  -fno-common -pipe conftest.c  -L. -L/Users/Fenchel/.rvm/rubies/ruby-1.9.3-p125/lib -L/Users/Fenchel/.rvm/usr/lib -L.  -L/usr/local/pgsql/lib    -lpq  -lruby.1.9.1 -lpq  -lpthread -ldl -lobjc "
clang: warning: argument unused during compilation: '-ggdb'
conftest.c:5:53: error: use of undeclared identifier 'PQescapeLiteral'
int t() { void ((*volatile p)()); p = (void ((*)()))PQescapeLiteral; return 0; }
                                                    ^
1 error generated.
checked program was:
/* begin */
1: #include "ruby.h"
2: 
3: /*top*/
4: int main() {return 0;}
5: int t() { void ((*volatile p)()); p = (void ((*)()))PQescapeLiteral; return 0; }
/* end */

"clang -o conftest -I/Users/Fenchel/.rvm/rubies/ruby-1.9.3-p125/include/ruby-1.9.1/x86_64-darwin11.4.0 -I/Users/Fenchel/.rvm/rubies/ruby-1.9.3-p125/include/ruby-1.9.1/ruby/backward -I/Users/Fenchel/.rvm/rubies/ruby-1.9.3-p125/include/ruby-1.9.1 -I. -I/Users/Fenchel/.rvm/usr/include -D_XOPEN_SOURCE -D_DARWIN_C_SOURCE   -I/usr/local/pgsql/include  -O3 -ggdb -Wextra -Wno-unused-parameter -Wno-parentheses -Wno-long-long -Wno-missing-field-initializers -Wpointer-arith -Wwrite-strings -Wdeclaration-after-statement -Wshorten-64-to-32 -Wimplicit-function-declaration  -fno-common -pipe conftest.c  -L. -L/Users/Fenchel/.rvm/rubies/ruby-1.9.3-p125/lib -L/Users/Fenchel/.rvm/usr/lib -L.  -L/usr/local/pgsql/lib    -lpq  -lruby.1.9.1 -lpq  -lpthread -ldl -lobjc "
clang: warning: argument unused during compilation: '-ggdb'
conftest.c:5:11: warning: implicit declaration of function 'PQescapeLiteral' is invalid in C99 [-Wimplicit-function-declaration]
int t() { PQescapeLiteral(); return 0; }
          ^
1 warning generated.
checked program was:
/* begin */
1: #include "ruby.h"
2: 
3: /*top*/
4: int main() {return 0;}
5: int t() { PQescapeLiteral(); return 0; }
/* end */

--------------------

have_func: checking for PQescapeIdentifier()... -------------------- yes

"clang -o conftest -I/Users/Fenchel/.rvm/rubies/ruby-1.9.3-p125/include/ruby-1.9.1/x86_64-darwin11.4.0 -I/Users/Fenchel/.rvm/rubies/ruby-1.9.3-p125/include/ruby-1.9.1/ruby/backward -I/Users/Fenchel/.rvm/rubies/ruby-1.9.3-p125/include/ruby-1.9.1 -I. -I/Users/Fenchel/.rvm/usr/include -D_XOPEN_SOURCE -D_DARWIN_C_SOURCE   -I/usr/local/pgsql/include  -O3 -ggdb -Wextra -Wno-unused-parameter -Wno-parentheses -Wno-long-long -Wno-missing-field-initializers -Wpointer-arith -Wwrite-strings -Wdeclaration-after-statement -Wshorten-64-to-32 -Wimplicit-function-declaration  -fno-common -pipe conftest.c  -L. -L/Users/Fenchel/.rvm/rubies/ruby-1.9.3-p125/lib -L/Users/Fenchel/.rvm/usr/lib -L.  -L/usr/local/pgsql/lib    -lpq  -lruby.1.9.1 -lpq  -lpthread -ldl -lobjc "
clang: warning: argument unused during compilation: '-ggdb'
conftest.c:5:53: error: use of undeclared identifier 'PQescapeIdentifier'
int t() { void ((*volatile p)()); p = (void ((*)()))PQescapeIdentifier; return 0; }
                                                    ^
1 error generated.
checked program was:
/* begin */
1: #include "ruby.h"
2: 
3: /*top*/
4: int main() {return 0;}
5: int t() { void ((*volatile p)()); p = (void ((*)()))PQescapeIdentifier; return 0; }
/* end */

"clang -o conftest -I/Users/Fenchel/.rvm/rubies/ruby-1.9.3-p125/include/ruby-1.9.1/x86_64-darwin11.4.0 -I/Users/Fenchel/.rvm/rubies/ruby-1.9.3-p125/include/ruby-1.9.1/ruby/backward -I/Users/Fenchel/.rvm/rubies/ruby-1.9.3-p125/include/ruby-1.9.1 -I. -I/Users/Fenchel/.rvm/usr/include -D_XOPEN_SOURCE -D_DARWIN_C_SOURCE   -I/usr/local/pgsql/include  -O3 -ggdb -Wextra -Wno-unused-parameter -Wno-parentheses -Wno-long-long -Wno-missing-field-initializers -Wpointer-arith -Wwrite-strings -Wdeclaration-after-statement -Wshorten-64-to-32 -Wimplicit-function-declaration  -fno-common -pipe conftest.c  -L. -L/Users/Fenchel/.rvm/rubies/ruby-1.9.3-p125/lib -L/Users/Fenchel/.rvm/usr/lib -L.  -L/usr/local/pgsql/lib    -lpq  -lruby.1.9.1 -lpq  -lpthread -ldl -lobjc "
clang: warning: argument unused during compilation: '-ggdb'
conftest.c:5:11: warning: implicit declaration of function 'PQescapeIdentifier' is invalid in C99 [-Wimplicit-function-declaration]
int t() { PQescapeIdentifier(); return 0; }
          ^
1 warning generated.
checked program was:
/* begin */
1: #include "ruby.h"
2: 
3: /*top*/
4: int main() {return 0;}
5: int t() { PQescapeIdentifier(); return 0; }
/* end */

--------------------

have_func: checking for PQgetCancel()... -------------------- yes

"clang -o conftest -I/Users/Fenchel/.rvm/rubies/ruby-1.9.3-p125/include/ruby-1.9.1/x86_64-darwin11.4.0 -I/Users/Fenchel/.rvm/rubies/ruby-1.9.3-p125/include/ruby-1.9.1/ruby/backward -I/Users/Fenchel/.rvm/rubies/ruby-1.9.3-p125/include/ruby-1.9.1 -I. -I/Users/Fenchel/.rvm/usr/include -D_XOPEN_SOURCE -D_DARWIN_C_SOURCE   -I/usr/local/pgsql/include  -O3 -ggdb -Wextra -Wno-unused-parameter -Wno-parentheses -Wno-long-long -Wno-missing-field-initializers -Wpointer-arith -Wwrite-strings -Wdeclaration-after-statement -Wshorten-64-to-32 -Wimplicit-function-declaration  -fno-common -pipe conftest.c  -L. -L/Users/Fenchel/.rvm/rubies/ruby-1.9.3-p125/lib -L/Users/Fenchel/.rvm/usr/lib -L.  -L/usr/local/pgsql/lib    -lpq  -lruby.1.9.1 -lpq  -lpthread -ldl -lobjc "
clang: warning: argument unused during compilation: '-ggdb'
conftest.c:5:53: error: use of undeclared identifier 'PQgetCancel'
int t() { void ((*volatile p)()); p = (void ((*)()))PQgetCancel; return 0; }
                                                    ^
1 error generated.
checked program was:
/* begin */
1: #include "ruby.h"
2: 
3: /*top*/
4: int main() {return 0;}
5: int t() { void ((*volatile p)()); p = (void ((*)()))PQgetCancel; return 0; }
/* end */

"clang -o conftest -I/Users/Fenchel/.rvm/rubies/ruby-1.9.3-p125/include/ruby-1.9.1/x86_64-darwin11.4.0 -I/Users/Fenchel/.rvm/rubies/ruby-1.9.3-p125/include/ruby-1.9.1/ruby/backward -I/Users/Fenchel/.rvm/rubies/ruby-1.9.3-p125/include/ruby-1.9.1 -I. -I/Users/Fenchel/.rvm/usr/include -D_XOPEN_SOURCE -D_DARWIN_C_SOURCE   -I/usr/local/pgsql/include  -O3 -ggdb -Wextra -Wno-unused-parameter -Wno-parentheses -Wno-long-long -Wno-missing-field-initializers -Wpointer-arith -Wwrite-strings -Wdeclaration-after-statement -Wshorten-64-to-32 -Wimplicit-function-declaration  -fno-common -pipe conftest.c  -L. -L/Users/Fenchel/.rvm/rubies/ruby-1.9.3-p125/lib -L/Users/Fenchel/.rvm/usr/lib -L.  -L/usr/local/pgsql/lib    -lpq  -lruby.1.9.1 -lpq  -lpthread -ldl -lobjc "
clang: warning: argument unused during compilation: '-ggdb'
conftest.c:5:11: warning: implicit declaration of function 'PQgetCancel' is invalid in C99 [-Wimplicit-function-declaration]
int t() { PQgetCancel(); return 0; }
          ^
1 warning generated.
checked program was:
/* begin */
1: #include "ruby.h"
2: 
3: /*top*/
4: int main() {return 0;}
5: int t() { PQgetCancel(); return 0; }
/* end */

--------------------

have_func: checking for lo_create()... -------------------- yes

"clang -o conftest -I/Users/Fenchel/.rvm/rubies/ruby-1.9.3-p125/include/ruby-1.9.1/x86_64-darwin11.4.0 -I/Users/Fenchel/.rvm/rubies/ruby-1.9.3-p125/include/ruby-1.9.1/ruby/backward -I/Users/Fenchel/.rvm/rubies/ruby-1.9.3-p125/include/ruby-1.9.1 -I. -I/Users/Fenchel/.rvm/usr/include -D_XOPEN_SOURCE -D_DARWIN_C_SOURCE   -I/usr/local/pgsql/include  -O3 -ggdb -Wextra -Wno-unused-parameter -Wno-parentheses -Wno-long-long -Wno-missing-field-initializers -Wpointer-arith -Wwrite-strings -Wdeclaration-after-statement -Wshorten-64-to-32 -Wimplicit-function-declaration  -fno-common -pipe conftest.c  -L. -L/Users/Fenchel/.rvm/rubies/ruby-1.9.3-p125/lib -L/Users/Fenchel/.rvm/usr/lib -L.  -L/usr/local/pgsql/lib    -lpq  -lruby.1.9.1 -lpq  -lpthread -ldl -lobjc "
clang: warning: argument unused during compilation: '-ggdb'
conftest.c:5:53: error: use of undeclared identifier 'lo_create'
int t() { void ((*volatile p)()); p = (void ((*)()))lo_create; return 0; }
                                                    ^
1 error generated.
checked program was:
/* begin */
1: #include "ruby.h"
2: 
3: /*top*/
4: int main() {return 0;}
5: int t() { void ((*volatile p)()); p = (void ((*)()))lo_create; return 0; }
/* end */

"clang -o conftest -I/Users/Fenchel/.rvm/rubies/ruby-1.9.3-p125/include/ruby-1.9.1/x86_64-darwin11.4.0 -I/Users/Fenchel/.rvm/rubies/ruby-1.9.3-p125/include/ruby-1.9.1/ruby/backward -I/Users/Fenchel/.rvm/rubies/ruby-1.9.3-p125/include/ruby-1.9.1 -I. -I/Users/Fenchel/.rvm/usr/include -D_XOPEN_SOURCE -D_DARWIN_C_SOURCE   -I/usr/local/pgsql/include  -O3 -ggdb -Wextra -Wno-unused-parameter -Wno-parentheses -Wno-long-long -Wno-missing-field-initializers -Wpointer-arith -Wwrite-strings -Wdeclaration-after-statement -Wshorten-64-to-32 -Wimplicit-function-declaration  -fno-common -pipe conftest.c  -L. -L/Users/Fenchel/.rvm/rubies/ruby-1.9.3-p125/lib -L/Users/Fenchel/.rvm/usr/lib -L.  -L/usr/local/pgsql/lib    -lpq  -lruby.1.9.1 -lpq  -lpthread -ldl -lobjc "
clang: warning: argument unused during compilation: '-ggdb'
conftest.c:5:11: warning: implicit declaration of function 'lo_create' is invalid in C99 [-Wimplicit-function-declaration]
int t() { lo_create(); return 0; }
          ^
1 warning generated.
checked program was:
/* begin */
1: #include "ruby.h"
2: 
3: /*top*/
4: int main() {return 0;}
5: int t() { lo_create(); return 0; }
/* end */

--------------------

have_func: checking for pg_encoding_to_char()... -------------------- yes

"clang -o conftest -I/Users/Fenchel/.rvm/rubies/ruby-1.9.3-p125/include/ruby-1.9.1/x86_64-darwin11.4.0 -I/Users/Fenchel/.rvm/rubies/ruby-1.9.3-p125/include/ruby-1.9.1/ruby/backward -I/Users/Fenchel/.rvm/rubies/ruby-1.9.3-p125/include/ruby-1.9.1 -I. -I/Users/Fenchel/.rvm/usr/include -D_XOPEN_SOURCE -D_DARWIN_C_SOURCE   -I/usr/local/pgsql/include  -O3 -ggdb -Wextra -Wno-unused-parameter -Wno-parentheses -Wno-long-long -Wno-missing-field-initializers -Wpointer-arith -Wwrite-strings -Wdeclaration-after-statement -Wshorten-64-to-32 -Wimplicit-function-declaration  -fno-common -pipe conftest.c  -L. -L/Users/Fenchel/.rvm/rubies/ruby-1.9.3-p125/lib -L/Users/Fenchel/.rvm/usr/lib -L.  -L/usr/local/pgsql/lib    -lpq  -lruby.1.9.1 -lpq  -lpthread -ldl -lobjc "
clang: warning: argument unused during compilation: '-ggdb'
conftest.c:5:53: error: use of undeclared identifier 'pg_encoding_to_char'
int t() { void ((*volatile p)()); p = (void ((*)()))pg_encoding_to_char; return 0; }
                                                    ^
1 error generated.
checked program was:
/* begin */
1: #include "ruby.h"
2: 
3: /*top*/
4: int main() {return 0;}
5: int t() { void ((*volatile p)()); p = (void ((*)()))pg_encoding_to_char; return 0; }
/* end */

"clang -o conftest -I/Users/Fenchel/.rvm/rubies/ruby-1.9.3-p125/include/ruby-1.9.1/x86_64-darwin11.4.0 -I/Users/Fenchel/.rvm/rubies/ruby-1.9.3-p125/include/ruby-1.9.1/ruby/backward -I/Users/Fenchel/.rvm/rubies/ruby-1.9.3-p125/include/ruby-1.9.1 -I. -I/Users/Fenchel/.rvm/usr/include -D_XOPEN_SOURCE -D_DARWIN_C_SOURCE   -I/usr/local/pgsql/include  -O3 -ggdb -Wextra -Wno-unused-parameter -Wno-parentheses -Wno-long-long -Wno-missing-field-initializers -Wpointer-arith -Wwrite-strings -Wdeclaration-after-statement -Wshorten-64-to-32 -Wimplicit-function-declaration  -fno-common -pipe conftest.c  -L. -L/Users/Fenchel/.rvm/rubies/ruby-1.9.3-p125/lib -L/Users/Fenchel/.rvm/usr/lib -L.  -L/usr/local/pgsql/lib    -lpq  -lruby.1.9.1 -lpq  -lpthread -ldl -lobjc "
clang: warning: argument unused during compilation: '-ggdb'
conftest.c:5:11: warning: implicit declaration of function 'pg_encoding_to_char' is invalid in C99 [-Wimplicit-function-declaration]
int t() { pg_encoding_to_char(); return 0; }
          ^
1 warning generated.
checked program was:
/* begin */
1: #include "ruby.h"
2: 
3: /*top*/
4: int main() {return 0;}
5: int t() { pg_encoding_to_char(); return 0; }
/* end */

--------------------

have_func: checking for pg_char_to_encoding()... -------------------- yes

"clang -o conftest -I/Users/Fenchel/.rvm/rubies/ruby-1.9.3-p125/include/ruby-1.9.1/x86_64-darwin11.4.0 -I/Users/Fenchel/.rvm/rubies/ruby-1.9.3-p125/include/ruby-1.9.1/ruby/backward -I/Users/Fenchel/.rvm/rubies/ruby-1.9.3-p125/include/ruby-1.9.1 -I. -I/Users/Fenchel/.rvm/usr/include -D_XOPEN_SOURCE -D_DARWIN_C_SOURCE   -I/usr/local/pgsql/include  -O3 -ggdb -Wextra -Wno-unused-parameter -Wno-parentheses -Wno-long-long -Wno-missing-field-initializers -Wpointer-arith -Wwrite-strings -Wdeclaration-after-statement -Wshorten-64-to-32 -Wimplicit-function-declaration  -fno-common -pipe conftest.c  -L. -L/Users/Fenchel/.rvm/rubies/ruby-1.9.3-p125/lib -L/Users/Fenchel/.rvm/usr/lib -L.  -L/usr/local/pgsql/lib    -lpq  -lruby.1.9.1 -lpq  -lpthread -ldl -lobjc "
clang: warning: argument unused during compilation: '-ggdb'
conftest.c:5:53: error: use of undeclared identifier 'pg_char_to_encoding'
int t() { void ((*volatile p)()); p = (void ((*)()))pg_char_to_encoding; return 0; }
                                                    ^
1 error generated.
checked program was:
/* begin */
1: #include "ruby.h"
2: 
3: /*top*/
4: int main() {return 0;}
5: int t() { void ((*volatile p)()); p = (void ((*)()))pg_char_to_encoding; return 0; }
/* end */

"clang -o conftest -I/Users/Fenchel/.rvm/rubies/ruby-1.9.3-p125/include/ruby-1.9.1/x86_64-darwin11.4.0 -I/Users/Fenchel/.rvm/rubies/ruby-1.9.3-p125/include/ruby-1.9.1/ruby/backward -I/Users/Fenchel/.rvm/rubies/ruby-1.9.3-p125/include/ruby-1.9.1 -I. -I/Users/Fenchel/.rvm/usr/include -D_XOPEN_SOURCE -D_DARWIN_C_SOURCE   -I/usr/local/pgsql/include  -O3 -ggdb -Wextra -Wno-unused-parameter -Wno-parentheses -Wno-long-long -Wno-missing-field-initializers -Wpointer-arith -Wwrite-strings -Wdeclaration-after-statement -Wshorten-64-to-32 -Wimplicit-function-declaration  -fno-common -pipe conftest.c  -L. -L/Users/Fenchel/.rvm/rubies/ruby-1.9.3-p125/lib -L/Users/Fenchel/.rvm/usr/lib -L.  -L/usr/local/pgsql/lib    -lpq  -lruby.1.9.1 -lpq  -lpthread -ldl -lobjc "
clang: warning: argument unused during compilation: '-ggdb'
conftest.c:5:11: warning: implicit declaration of function 'pg_char_to_encoding' is invalid in C99 [-Wimplicit-function-declaration]
int t() { pg_char_to_encoding(); return 0; }
          ^
1 warning generated.
checked program was:
/* begin */
1: #include "ruby.h"
2: 
3: /*top*/
4: int main() {return 0;}
5: int t() { pg_char_to_encoding(); return 0; }
/* end */

--------------------

have_func: checking for PQsetClientEncoding()... -------------------- yes

"clang -o conftest -I/Users/Fenchel/.rvm/rubies/ruby-1.9.3-p125/include/ruby-1.9.1/x86_64-darwin11.4.0 -I/Users/Fenchel/.rvm/rubies/ruby-1.9.3-p125/include/ruby-1.9.1/ruby/backward -I/Users/Fenchel/.rvm/rubies/ruby-1.9.3-p125/include/ruby-1.9.1 -I. -I/Users/Fenchel/.rvm/usr/include -D_XOPEN_SOURCE -D_DARWIN_C_SOURCE   -I/usr/local/pgsql/include  -O3 -ggdb -Wextra -Wno-unused-parameter -Wno-parentheses -Wno-long-long -Wno-missing-field-initializers -Wpointer-arith -Wwrite-strings -Wdeclaration-after-statement -Wshorten-64-to-32 -Wimplicit-function-declaration  -fno-common -pipe conftest.c  -L. -L/Users/Fenchel/.rvm/rubies/ruby-1.9.3-p125/lib -L/Users/Fenchel/.rvm/usr/lib -L.  -L/usr/local/pgsql/lib    -lpq  -lruby.1.9.1 -lpq  -lpthread -ldl -lobjc "
clang: warning: argument unused during compilation: '-ggdb'
conftest.c:5:53: error: use of undeclared identifier 'PQsetClientEncoding'
int t() { void ((*volatile p)()); p = (void ((*)()))PQsetClientEncoding; return 0; }
                                                    ^
1 error generated.
checked program was:
/* begin */
1: #include "ruby.h"
2: 
3: /*top*/
4: int main() {return 0;}
5: int t() { void ((*volatile p)()); p = (void ((*)()))PQsetClientEncoding; return 0; }
/* end */

"clang -o conftest -I/Users/Fenchel/.rvm/rubies/ruby-1.9.3-p125/include/ruby-1.9.1/x86_64-darwin11.4.0 -I/Users/Fenchel/.rvm/rubies/ruby-1.9.3-p125/include/ruby-1.9.1/ruby/backward -I/Users/Fenchel/.rvm/rubies/ruby-1.9.3-p125/include/ruby-1.9.1 -I. -I/Users/Fenchel/.rvm/usr/include -D_XOPEN_SOURCE -D_DARWIN_C_SOURCE   -I/usr/local/pgsql/include  -O3 -ggdb -Wextra -Wno-unused-parameter -Wno-parentheses -Wno-long-long -Wno-missing-field-initializers -Wpointer-arith -Wwrite-strings -Wdeclaration-after-statement -Wshorten-64-to-32 -Wimplicit-function-declaration  -fno-common -pipe conftest.c  -L. -L/Users/Fenchel/.rvm/rubies/ruby-1.9.3-p125/lib -L/Users/Fenchel/.rvm/usr/lib -L.  -L/usr/local/pgsql/lib    -lpq  -lruby.1.9.1 -lpq  -lpthread -ldl -lobjc "
clang: warning: argument unused during compilation: '-ggdb'
conftest.c:5:11: warning: implicit declaration of function 'PQsetClientEncoding' is invalid in C99 [-Wimplicit-function-declaration]
int t() { PQsetClientEncoding(); return 0; }
          ^
1 warning generated.
checked program was:
/* begin */
1: #include "ruby.h"
2: 
3: /*top*/
4: int main() {return 0;}
5: int t() { PQsetClientEncoding(); return 0; }
/* end */

--------------------

have_func: checking for PQlibVersion()... -------------------- yes

"clang -o conftest -I/Users/Fenchel/.rvm/rubies/ruby-1.9.3-p125/include/ruby-1.9.1/x86_64-darwin11.4.0 -I/Users/Fenchel/.rvm/rubies/ruby-1.9.3-p125/include/ruby-1.9.1/ruby/backward -I/Users/Fenchel/.rvm/rubies/ruby-1.9.3-p125/include/ruby-1.9.1 -I. -I/Users/Fenchel/.rvm/usr/include -D_XOPEN_SOURCE -D_DARWIN_C_SOURCE   -I/usr/local/pgsql/include  -O3 -ggdb -Wextra -Wno-unused-parameter -Wno-parentheses -Wno-long-long -Wno-missing-field-initializers -Wpointer-arith -Wwrite-strings -Wdeclaration-after-statement -Wshorten-64-to-32 -Wimplicit-function-declaration  -fno-common -pipe conftest.c  -L. -L/Users/Fenchel/.rvm/rubies/ruby-1.9.3-p125/lib -L/Users/Fenchel/.rvm/usr/lib -L.  -L/usr/local/pgsql/lib    -lpq  -lruby.1.9.1 -lpq  -lpthread -ldl -lobjc "
clang: warning: argument unused during compilation: '-ggdb'
conftest.c:5:53: error: use of undeclared identifier 'PQlibVersion'
int t() { void ((*volatile p)()); p = (void ((*)()))PQlibVersion; return 0; }
                                                    ^
1 error generated.
checked program was:
/* begin */
1: #include "ruby.h"
2: 
3: /*top*/
4: int main() {return 0;}
5: int t() { void ((*volatile p)()); p = (void ((*)()))PQlibVersion; return 0; }
/* end */

"clang -o conftest -I/Users/Fenchel/.rvm/rubies/ruby-1.9.3-p125/include/ruby-1.9.1/x86_64-darwin11.4.0 -I/Users/Fenchel/.rvm/rubies/ruby-1.9.3-p125/include/ruby-1.9.1/ruby/backward -I/Users/Fenchel/.rvm/rubies/ruby-1.9.3-p125/include/ruby-1.9.1 -I. -I/Users/Fenchel/.rvm/usr/include -D_XOPEN_SOURCE -D_DARWIN_C_SOURCE   -I/usr/local/pgsql/include  -O3 -ggdb -Wextra -Wno-unused-parameter -Wno-parentheses -Wno-long-long -Wno-missing-field-initializers -Wpointer-arith -Wwrite-strings -Wdeclaration-after-statement -Wshorten-64-to-32 -Wimplicit-function-declaration  -fno-common -pipe conftest.c  -L. -L/Users/Fenchel/.rvm/rubies/ruby-1.9.3-p125/lib -L/Users/Fenchel/.rvm/usr/lib -L.  -L/usr/local/pgsql/lib    -lpq  -lruby.1.9.1 -lpq  -lpthread -ldl -lobjc "
clang: warning: argument unused during compilation: '-ggdb'
conftest.c:5:11: warning: implicit declaration of function 'PQlibVersion' is invalid in C99 [-Wimplicit-function-declaration]
int t() { PQlibVersion(); return 0; }
          ^
1 warning generated.
checked program was:
/* begin */
1: #include "ruby.h"
2: 
3: /*top*/
4: int main() {return 0;}
5: int t() { PQlibVersion(); return 0; }
/* end */

--------------------

have_func: checking for PQping()... -------------------- yes

"clang -o conftest -I/Users/Fenchel/.rvm/rubies/ruby-1.9.3-p125/include/ruby-1.9.1/x86_64-darwin11.4.0 -I/Users/Fenchel/.rvm/rubies/ruby-1.9.3-p125/include/ruby-1.9.1/ruby/backward -I/Users/Fenchel/.rvm/rubies/ruby-1.9.3-p125/include/ruby-1.9.1 -I. -I/Users/Fenchel/.rvm/usr/include -D_XOPEN_SOURCE -D_DARWIN_C_SOURCE   -I/usr/local/pgsql/include  -O3 -ggdb -Wextra -Wno-unused-parameter -Wno-parentheses -Wno-long-long -Wno-missing-field-initializers -Wpointer-arith -Wwrite-strings -Wdeclaration-after-statement -Wshorten-64-to-32 -Wimplicit-function-declaration  -fno-common -pipe conftest.c  -L. -L/Users/Fenchel/.rvm/rubies/ruby-1.9.3-p125/lib -L/Users/Fenchel/.rvm/usr/lib -L.  -L/usr/local/pgsql/lib    -lpq  -lruby.1.9.1 -lpq  -lpthread -ldl -lobjc "
clang: warning: argument unused during compilation: '-ggdb'
conftest.c:5:53: error: use of undeclared identifier 'PQping'
int t() { void ((*volatile p)()); p = (void ((*)()))PQping; return 0; }
                                                    ^
1 error generated.
checked program was:
/* begin */
1: #include "ruby.h"
2: 
3: /*top*/
4: int main() {return 0;}
5: int t() { void ((*volatile p)()); p = (void ((*)()))PQping; return 0; }
/* end */

"clang -o conftest -I/Users/Fenchel/.rvm/rubies/ruby-1.9.3-p125/include/ruby-1.9.1/x86_64-darwin11.4.0 -I/Users/Fenchel/.rvm/rubies/ruby-1.9.3-p125/include/ruby-1.9.1/ruby/backward -I/Users/Fenchel/.rvm/rubies/ruby-1.9.3-p125/include/ruby-1.9.1 -I. -I/Users/Fenchel/.rvm/usr/include -D_XOPEN_SOURCE -D_DARWIN_C_SOURCE   -I/usr/local/pgsql/include  -O3 -ggdb -Wextra -Wno-unused-parameter -Wno-parentheses -Wno-long-long -Wno-missing-field-initializers -Wpointer-arith -Wwrite-strings -Wdeclaration-after-statement -Wshorten-64-to-32 -Wimplicit-function-declaration  -fno-common -pipe conftest.c  -L. -L/Users/Fenchel/.rvm/rubies/ruby-1.9.3-p125/lib -L/Users/Fenchel/.rvm/usr/lib -L.  -L/usr/local/pgsql/lib    -lpq  -lruby.1.9.1 -lpq  -lpthread -ldl -lobjc "
clang: warning: argument unused during compilation: '-ggdb'
conftest.c:5:11: warning: implicit declaration of function 'PQping' is invalid in C99 [-Wimplicit-function-declaration]
int t() { PQping(); return 0; }
          ^
1 warning generated.
checked program was:
/* begin */
1: #include "ruby.h"
2: 
3: /*top*/
4: int main() {return 0;}
5: int t() { PQping(); return 0; }
/* end */

--------------------

have_func: checking for rb_encdb_alias()... -------------------- yes

"clang -o conftest -I/Users/Fenchel/.rvm/rubies/ruby-1.9.3-p125/include/ruby-1.9.1/x86_64-darwin11.4.0 -I/Users/Fenchel/.rvm/rubies/ruby-1.9.3-p125/include/ruby-1.9.1/ruby/backward -I/Users/Fenchel/.rvm/rubies/ruby-1.9.3-p125/include/ruby-1.9.1 -I. -I/Users/Fenchel/.rvm/usr/include -D_XOPEN_SOURCE -D_DARWIN_C_SOURCE   -I/usr/local/pgsql/include  -O3 -ggdb -Wextra -Wno-unused-parameter -Wno-parentheses -Wno-long-long -Wno-missing-field-initializers -Wpointer-arith -Wwrite-strings -Wdeclaration-after-statement -Wshorten-64-to-32 -Wimplicit-function-declaration  -fno-common -pipe conftest.c  -L. -L/Users/Fenchel/.rvm/rubies/ruby-1.9.3-p125/lib -L/Users/Fenchel/.rvm/usr/lib -L.  -L/usr/local/pgsql/lib    -lpq  -lruby.1.9.1 -lpq  -lpthread -ldl -lobjc "
clang: warning: argument unused during compilation: '-ggdb'
conftest.c:5:53: error: use of undeclared identifier 'rb_encdb_alias'
int t() { void ((*volatile p)()); p = (void ((*)()))rb_encdb_alias; return 0; }
                                                    ^
1 error generated.
checked program was:
/* begin */
1: #include "ruby.h"
2: 
3: /*top*/
4: int main() {return 0;}
5: int t() { void ((*volatile p)()); p = (void ((*)()))rb_encdb_alias; return 0; }
/* end */

"clang -o conftest -I/Users/Fenchel/.rvm/rubies/ruby-1.9.3-p125/include/ruby-1.9.1/x86_64-darwin11.4.0 -I/Users/Fenchel/.rvm/rubies/ruby-1.9.3-p125/include/ruby-1.9.1/ruby/backward -I/Users/Fenchel/.rvm/rubies/ruby-1.9.3-p125/include/ruby-1.9.1 -I. -I/Users/Fenchel/.rvm/usr/include -D_XOPEN_SOURCE -D_DARWIN_C_SOURCE   -I/usr/local/pgsql/include  -O3 -ggdb -Wextra -Wno-unused-parameter -Wno-parentheses -Wno-long-long -Wno-missing-field-initializers -Wpointer-arith -Wwrite-strings -Wdeclaration-after-statement -Wshorten-64-to-32 -Wimplicit-function-declaration  -fno-common -pipe conftest.c  -L. -L/Users/Fenchel/.rvm/rubies/ruby-1.9.3-p125/lib -L/Users/Fenchel/.rvm/usr/lib -L.  -L/usr/local/pgsql/lib    -lpq  -lruby.1.9.1 -lpq  -lpthread -ldl -lobjc "
clang: warning: argument unused during compilation: '-ggdb'
conftest.c:5:11: warning: implicit declaration of function 'rb_encdb_alias' is invalid in C99 [-Wimplicit-function-declaration]
int t() { rb_encdb_alias(); return 0; }
          ^
1 warning generated.
checked program was:
/* begin */
1: #include "ruby.h"
2: 
3: /*top*/
4: int main() {return 0;}
5: int t() { rb_encdb_alias(); return 0; }
/* end */

--------------------

have_func: checking for rb_enc_alias()... -------------------- no

"clang -o conftest -I/Users/Fenchel/.rvm/rubies/ruby-1.9.3-p125/include/ruby-1.9.1/x86_64-darwin11.4.0 -I/Users/Fenchel/.rvm/rubies/ruby-1.9.3-p125/include/ruby-1.9.1/ruby/backward -I/Users/Fenchel/.rvm/rubies/ruby-1.9.3-p125/include/ruby-1.9.1 -I. -I/Users/Fenchel/.rvm/usr/include -D_XOPEN_SOURCE -D_DARWIN_C_SOURCE   -I/usr/local/pgsql/include  -O3 -ggdb -Wextra -Wno-unused-parameter -Wno-parentheses -Wno-long-long -Wno-missing-field-initializers -Wpointer-arith -Wwrite-strings -Wdeclaration-after-statement -Wshorten-64-to-32 -Wimplicit-function-declaration  -fno-common -pipe conftest.c  -L. -L/Users/Fenchel/.rvm/rubies/ruby-1.9.3-p125/lib -L/Users/Fenchel/.rvm/usr/lib -L.  -L/usr/local/pgsql/lib    -lpq  -lruby.1.9.1 -lpq  -lpthread -ldl -lobjc "
clang: warning: argument unused during compilation: '-ggdb'
conftest.c:5:53: error: use of undeclared identifier 'rb_enc_alias'
int t() { void ((*volatile p)()); p = (void ((*)()))rb_enc_alias; return 0; }
                                                    ^
1 error generated.
checked program was:
/* begin */
1: #include "ruby.h"
2: 
3: /*top*/
4: int main() {return 0;}
5: int t() { void ((*volatile p)()); p = (void ((*)()))rb_enc_alias; return 0; }
/* end */

"clang -o conftest -I/Users/Fenchel/.rvm/rubies/ruby-1.9.3-p125/include/ruby-1.9.1/x86_64-darwin11.4.0 -I/Users/Fenchel/.rvm/rubies/ruby-1.9.3-p125/include/ruby-1.9.1/ruby/backward -I/Users/Fenchel/.rvm/rubies/ruby-1.9.3-p125/include/ruby-1.9.1 -I. -I/Users/Fenchel/.rvm/usr/include -D_XOPEN_SOURCE -D_DARWIN_C_SOURCE   -I/usr/local/pgsql/include  -O3 -ggdb -Wextra -Wno-unused-parameter -Wno-parentheses -Wno-long-long -Wno-missing-field-initializers -Wpointer-arith -Wwrite-strings -Wdeclaration-after-statement -Wshorten-64-to-32 -Wimplicit-function-declaration  -fno-common -pipe conftest.c  -L. -L/Users/Fenchel/.rvm/rubies/ruby-1.9.3-p125/lib -L/Users/Fenchel/.rvm/usr/lib -L.  -L/usr/local/pgsql/lib    -lpq  -lruby.1.9.1 -lpq  -lpthread -ldl -lobjc "
clang: warning: argument unused during compilation: '-ggdb'
conftest.c:5:11: warning: implicit declaration of function 'rb_enc_alias' is invalid in C99 [-Wimplicit-function-declaration]
int t() { rb_enc_alias(); return 0; }
          ^
1 warning generated.
Undefined symbols for architecture x86_64:
  "_rb_enc_alias", referenced from:
      _t in conftest-NIyTW3.o
ld: symbol(s) not found for architecture x86_64
clang: error: linker command failed with exit code 1 (use -v to see invocation)
checked program was:
/* begin */
1: #include "ruby.h"
2: 
3: /*top*/
4: int main() {return 0;}
5: int t() { rb_enc_alias(); return 0; }
/* end */

--------------------

have_const: checking for PGRES_COPY_BOTH in libpq-fe.h... -------------------- yes

"clang -I/Users/Fenchel/.rvm/rubies/ruby-1.9.3-p125/include/ruby-1.9.1/x86_64-darwin11.4.0 -I/Users/Fenchel/.rvm/rubies/ruby-1.9.3-p125/include/ruby-1.9.1/ruby/backward -I/Users/Fenchel/.rvm/rubies/ruby-1.9.3-p125/include/ruby-1.9.1 -I. -I/Users/Fenchel/.rvm/usr/include -D_XOPEN_SOURCE -D_DARWIN_C_SOURCE   -I/usr/local/pgsql/include  -O3 -ggdb -Wextra -Wno-unused-parameter -Wno-parentheses -Wno-long-long -Wno-missing-field-initializers -Wpointer-arith -Wwrite-strings -Wdeclaration-after-statement -Wshorten-64-to-32 -Wimplicit-function-declaration  -fno-common -pipe   -c conftest.c"
clang: warning: argument unused during compilation: '-ggdb'
checked program was:
/* begin */
1: #include "ruby.h"
2: 
3: #include <libpq-fe.h>
4: 
5: /*top*/
6: typedef int conftest_type;
7: conftest_type conftestval = (int)PGRES_COPY_BOTH;
/* end */

--------------------

have_const: checking for PGRES_SINGLE_TUPLE in libpq-fe.h... -------------------- no

"clang -I/Users/Fenchel/.rvm/rubies/ruby-1.9.3-p125/include/ruby-1.9.1/x86_64-darwin11.4.0 -I/Users/Fenchel/.rvm/rubies/ruby-1.9.3-p125/include/ruby-1.9.1/ruby/backward -I/Users/Fenchel/.rvm/rubies/ruby-1.9.3-p125/include/ruby-1.9.1 -I. -I/Users/Fenchel/.rvm/usr/include -D_XOPEN_SOURCE -D_DARWIN_C_SOURCE   -I/usr/local/pgsql/include  -O3 -ggdb -Wextra -Wno-unused-parameter -Wno-parentheses -Wno-long-long -Wno-missing-field-initializers -Wpointer-arith -Wwrite-strings -Wdeclaration-after-statement -Wshorten-64-to-32 -Wimplicit-function-declaration  -fno-common -pipe   -c conftest.c"
clang: warning: argument unused during compilation: '-ggdb'
conftest.c:7:34: error: use of undeclared identifier 'PGRES_SINGLE_TUPLE'
conftest_type conftestval = (int)PGRES_SINGLE_TUPLE;
                                 ^
1 error generated.
checked program was:
/* begin */
1: #include "ruby.h"
2: 
3: #include <libpq-fe.h>
4: 
5: /*top*/
6: typedef int conftest_type;
7: conftest_type conftestval = (int)PGRES_SINGLE_TUPLE;
/* end */

--------------------

have_struct_member: checking for struct pgNotify.extra in libpq-fe.h... -------------------- yes

"clang -I/Users/Fenchel/.rvm/rubies/ruby-1.9.3-p125/include/ruby-1.9.1/x86_64-darwin11.4.0 -I/Users/Fenchel/.rvm/rubies/ruby-1.9.3-p125/include/ruby-1.9.1/ruby/backward -I/Users/Fenchel/.rvm/rubies/ruby-1.9.3-p125/include/ruby-1.9.1 -I. -I/Users/Fenchel/.rvm/usr/include -D_XOPEN_SOURCE -D_DARWIN_C_SOURCE   -I/usr/local/pgsql/include  -O3 -ggdb -Wextra -Wno-unused-parameter -Wno-parentheses -Wno-long-long -Wno-missing-field-initializers -Wpointer-arith -Wwrite-strings -Wdeclaration-after-statement -Wshorten-64-to-32 -Wimplicit-function-declaration  -fno-common -pipe   -c conftest.c"
clang: warning: argument unused during compilation: '-ggdb'
checked program was:
/* begin */
1: #include "ruby.h"
2: 
3: #include <libpq-fe.h>
4: 
5: /*top*/
6: int main() {return 0;}
7: int s = (char *)&((struct pgNotify*)0)->extra - (char *)0;
/* end */

--------------------

have_header: checking for unistd.h... -------------------- yes

"clang -E -I/Users/Fenchel/.rvm/rubies/ruby-1.9.3-p125/include/ruby-1.9.1/x86_64-darwin11.4.0 -I/Users/Fenchel/.rvm/rubies/ruby-1.9.3-p125/include/ruby-1.9.1/ruby/backward -I/Users/Fenchel/.rvm/rubies/ruby-1.9.3-p125/include/ruby-1.9.1 -I. -I/Users/Fenchel/.rvm/usr/include -D_XOPEN_SOURCE -D_DARWIN_C_SOURCE   -I/usr/local/pgsql/include  -O3 -ggdb -Wextra -Wno-unused-parameter -Wno-parentheses -Wno-long-long -Wno-missing-field-initializers -Wpointer-arith -Wwrite-strings -Wdeclaration-after-statement -Wshorten-64-to-32 -Wimplicit-function-declaration  -fno-common -pipe  conftest.c -o conftest.i"
clang: warning: argument unused during compilation: '-ggdb'
checked program was:
/* begin */
1: #include "ruby.h"
2: 
3: #include <unistd.h>
/* end */

--------------------

have_header: checking for ruby/st.h... -------------------- yes

"clang -E -I/Users/Fenchel/.rvm/rubies/ruby-1.9.3-p125/include/ruby-1.9.1/x86_64-darwin11.4.0 -I/Users/Fenchel/.rvm/rubies/ruby-1.9.3-p125/include/ruby-1.9.1/ruby/backward -I/Users/Fenchel/.rvm/rubies/ruby-1.9.3-p125/include/ruby-1.9.1 -I. -I/Users/Fenchel/.rvm/usr/include -D_XOPEN_SOURCE -D_DARWIN_C_SOURCE   -I/usr/local/pgsql/include  -O3 -ggdb -Wextra -Wno-unused-parameter -Wno-parentheses -Wno-long-long -Wno-missing-field-initializers -Wpointer-arith -Wwrite-strings -Wdeclaration-after-statement -Wshorten-64-to-32 -Wimplicit-function-declaration  -fno-common -pipe  conftest.c -o conftest.i"
clang: warning: argument unused during compilation: '-ggdb'
checked program was:
/* begin */
1: #include "ruby.h"
2: 
3: #include <ruby/st.h>
/* end */

--------------------

